<?xml version="1.0" encoding="UTF-8"?>
<testng-results skipped="0" failed="1" total="1" passed="0">
  <reporter-output>
  </reporter-output>
  <suite name="Default suite" duration-ms="11588" started-at="2018-05-03T03:58:46Z" finished-at="2018-05-03T03:58:57Z">
    <groups>
    </groups>
    <test name="Default test" duration-ms="11588" started-at="2018-05-03T03:58:46Z" finished-at="2018-05-03T03:58:57Z">
      <class name="com.Portal.Test.MainScript">
        <test-method status="PASS" signature="setup()[pri:0, instance:com.Portal.Test.MainScript@3327bd23]" name="setup" is-config="true" duration-ms="10213" started-at="2018-05-03T11:58:46Z" finished-at="2018-05-03T11:58:56Z">
          <reporter-output>
          </reporter-output>
        </test-method> <!-- setup -->
        <test-method status="FAIL" signature="testPage()[pri:0, instance:com.Portal.Test.MainScript@3327bd23]" name="testPage" duration-ms="7" started-at="2018-05-03T11:58:56Z" finished-at="2018-05-03T11:58:56Z">
          <exception class="java.lang.NullPointerException">
            <full-stacktrace>
              <![CDATA[java.lang.NullPointerException
	at com.main.functions.LoginFunctions.testLogin(LoginFunctions.java:25)
	at com.main.testscripts.TestScripts.testPageLogin(TestScripts.java:12)
	at com.Portal.Test.MainScript.testPage(MainScript.java:25)
	at sun.reflect.NativeMethodAccessorImpl.invoke0(Native Method)
	at sun.reflect.NativeMethodAccessorImpl.invoke(NativeMethodAccessorImpl.java:62)
	at sun.reflect.DelegatingMethodAccessorImpl.invoke(DelegatingMethodAccessorImpl.java:43)
	at java.lang.reflect.Method.invoke(Method.java:498)
	at org.testng.internal.MethodInvocationHelper.invokeMethod(MethodInvocationHelper.java:100)
	at org.testng.internal.Invoker.invokeMethod(Invoker.java:646)
	at org.testng.internal.Invoker.invokeTestMethod(Invoker.java:811)
	at org.testng.internal.Invoker.invokeTestMethods(Invoker.java:1137)
	at org.testng.internal.TestMethodWorker.invokeTestMethods(TestMethodWorker.java:129)
	at org.testng.internal.TestMethodWorker.run(TestMethodWorker.java:112)
	at org.testng.TestRunner.privateRun(TestRunner.java:753)
	at org.testng.TestRunner.run(TestRunner.java:607)
	at org.testng.SuiteRunner.runTest(SuiteRunner.java:368)
	at org.testng.SuiteRunner.runSequentially(SuiteRunner.java:363)
	at org.testng.SuiteRunner.privateRun(SuiteRunner.java:321)
	at org.testng.SuiteRunner.run(SuiteRunner.java:270)
	at org.testng.SuiteRunnerWorker.runSuite(SuiteRunnerWorker.java:52)
	at org.testng.SuiteRunnerWorker.run(SuiteRunnerWorker.java:86)
	at org.testng.TestNG.runSuitesSequentially(TestNG.java:1284)
	at org.testng.TestNG.runSuitesLocally(TestNG.java:1209)
	at org.testng.TestNG.runSuites(TestNG.java:1124)
	at org.testng.TestNG.run(TestNG.java:1096)
	at org.testng.remote.AbstractRemoteTestNG.run(AbstractRemoteTestNG.java:132)
	at org.testng.remote.RemoteTestNG.initAndRun(RemoteTestNG.java:236)
	at org.testng.remote.RemoteTestNG.main(RemoteTestNG.java:81)
]]>
            </full-stacktrace>
          </exception> <!-- java.lang.NullPointerException -->
          <reporter-output>
          </reporter-output>
        </test-method> <!-- testPage -->
        <test-method status="PASS" signature="teardown()[pri:0, instance:com.Portal.Test.MainScript@3327bd23]" name="teardown" is-config="true" duration-ms="1353" started-at="2018-05-03T11:58:56Z" finished-at="2018-05-03T11:58:57Z">
          <reporter-output>
          </reporter-output>
        </test-method> <!-- teardown -->
      </class> <!-- com.Portal.Test.MainScript -->
    </test> <!-- Default test -->
  </suite> <!-- Default suite -->
</testng-results>
